{"S:\\GitProjects\\tdd-JEST\\game-of-life\\game.js": {"path":"S:\\GitProjects\\tdd-JEST\\game-of-life\\game.js","statementMap":{"0":{"start":{"line":1,"column":16},"end":{"line":14,"column":1}},"1":{"start":{"line":3,"column":2},"end":{"line":5,"column":3}},"2":{"start":{"line":4,"column":4},"end":{"line":4,"column":13}},"3":{"start":{"line":8,"column":2},"end":{"line":10,"column":3}},"4":{"start":{"line":9,"column":4},"end":{"line":9,"column":13}},"5":{"start":{"line":13,"column":2},"end":{"line":13,"column":10}},"6":{"start":{"line":16,"column":0},"end":{"line":18,"column":2}}},"fnMap":{"0":{"name":"(anonymous_0)","decl":{"start":{"line":1,"column":16},"end":{"line":1,"column":17}},"loc":{"start":{"line":1,"column":38},"end":{"line":14,"column":1}},"line":1}},"branchMap":{"0":{"loc":{"start":{"line":3,"column":2},"end":{"line":5,"column":3}},"type":"if","locations":[{"start":{"line":3,"column":2},"end":{"line":5,"column":3}},{"start":{"line":3,"column":2},"end":{"line":5,"column":3}}],"line":3},"1":{"loc":{"start":{"line":3,"column":5},"end":{"line":3,"column":39}},"type":"binary-expr","locations":[{"start":{"line":3,"column":5},"end":{"line":3,"column":19}},{"start":{"line":3,"column":23},"end":{"line":3,"column":39}}],"line":3},"2":{"loc":{"start":{"line":8,"column":2},"end":{"line":10,"column":3}},"type":"if","locations":[{"start":{"line":8,"column":2},"end":{"line":10,"column":3}},{"start":{"line":8,"column":2},"end":{"line":10,"column":3}}],"line":8},"3":{"loc":{"start":{"line":8,"column":5},"end":{"line":8,"column":38}},"type":"binary-expr","locations":[{"start":{"line":8,"column":5},"end":{"line":8,"column":18}},{"start":{"line":8,"column":22},"end":{"line":8,"column":38}}],"line":8}},"s":{"0":1,"1":4,"2":1,"3":3,"4":1,"5":2,"6":1},"f":{"0":4},"b":{"0":[1,3],"1":[4,2],"2":[1,2],"3":[3,2]},"_coverageSchema":"1a1c01bbd47fc00a2c39e90264f33305004495a9","hash":"873d633c3b055845a50a1fb04d45c174b4919d26"}
}
