{"S:\\GitProjects\\tdd-JEST\\game-of-life\\game.js": {"path":"S:\\GitProjects\\tdd-JEST\\game-of-life\\game.js","statementMap":{"0":{"start":{"line":2,"column":16},"end":{"line":2,"column":103}},"1":{"start":{"line":2,"column":38},"end":{"line":2,"column":103}},"2":{"start":{"line":5,"column":17},"end":{"line":5,"column":57}},"3":{"start":{"line":5,"column":27},"end":{"line":5,"column":57}},"4":{"start":{"line":7,"column":0},"end":{"line":10,"column":2}}},"fnMap":{"0":{"name":"(anonymous_0)","decl":{"start":{"line":2,"column":16},"end":{"line":2,"column":17}},"loc":{"start":{"line":2,"column":38},"end":{"line":2,"column":103}},"line":2},"1":{"name":"(anonymous_1)","decl":{"start":{"line":5,"column":17},"end":{"line":5,"column":18}},"loc":{"start":{"line":5,"column":27},"end":{"line":5,"column":57}},"line":5}},"branchMap":{"0":{"loc":{"start":{"line":2,"column":38},"end":{"line":2,"column":103}},"type":"cond-expr","locations":[{"start":{"line":2,"column":98},"end":{"line":2,"column":99}},{"start":{"line":2,"column":102},"end":{"line":2,"column":103}}],"line":2},"1":{"loc":{"start":{"line":2,"column":39},"end":{"line":2,"column":94}},"type":"binary-expr","locations":[{"start":{"line":2,"column":39},"end":{"line":2,"column":55}},{"start":{"line":2,"column":60},"end":{"line":2,"column":73}},{"start":{"line":2,"column":77},"end":{"line":2,"column":93}}],"line":2}},"s":{"0":1,"1":4,"2":1,"3":2,"4":1},"f":{"0":4,"1":2},"b":{"0":[2,2],"1":[4,3,2]},"_coverageSchema":"1a1c01bbd47fc00a2c39e90264f33305004495a9","hash":"5a2e65af8ad584ac7e3aa010d1d89c021645d84c"}
}
