{"S:\\GitProjects\\tdd-JEST\\example\\example.js": {"path":"S:\\GitProjects\\tdd-JEST\\example\\example.js","statementMap":{"0":{"start":{"line":1,"column":0},"end":{"line":3,"column":2}},"1":{"start":{"line":2,"column":19},"end":{"line":2,"column":36}}},"fnMap":{"0":{"name":"(anonymous_0)","decl":{"start":{"line":2,"column":11},"end":{"line":2,"column":12}},"loc":{"start":{"line":2,"column":19},"end":{"line":2,"column":36}},"line":2}},"branchMap":{},"s":{"0":1,"1":1},"f":{"0":1},"b":{},"_coverageSchema":"1a1c01bbd47fc00a2c39e90264f33305004495a9","hash":"df5be7e090b19bfc51895481681fce3cdb0b83ad"}
}
